TN:
SF:/Users/marcofalsitta/Documents/chomage/Wealthport/server/common/utilities.js
FN:7,(anonymous_1)
FN:20,preprocess
FN:25,generateUUID
FNF:3
FNH:1
FNDA:3,(anonymous_1)
FNDA:0,preprocess
FNDA:0,generateUUID
DA:7,1
DA:9,3
DA:10,3
DA:21,0
DA:25,3
DA:28,0
DA:29,0
DA:30,0
DA:31,0
DA:33,0
DA:34,0
DA:35,0
DA:36,0
DA:39,3
LF:14
LH:5
BRF:0
BRH:0
end_of_record
TN:
SF:/Users/marcofalsitta/Documents/chomage/Wealthport/server/lib/Client.js
FN:3,(anonymous_1)
FN:3,defineProperties
FN:3,(anonymous_3)
FN:5,_classCallCheck
FN:13,(anonymous_5)
FN:14,Client
FN:29,getDictionaries
FN:41,getDictionary
FN:81,removeAliasFromDictionary
FN:100,removeDomainFromDictionary
FN:119,updateDomainInDictionary
FN:129,updateRangeInDictionary
FN:146,addDictionary
FN:151,removeDictionary
FNF:14
FNH:14
FNDA:1,(anonymous_1)
FNDA:1,defineProperties
FNDA:1,(anonymous_3)
FNDA:9,_classCallCheck
FNDA:1,(anonymous_5)
FNDA:9,Client
FNDA:3,getDictionaries
FNDA:10,getDictionary
FNDA:1,removeAliasFromDictionary
FNDA:1,removeDomainFromDictionary
FNDA:4,updateDomainInDictionary
FNDA:3,updateRangeInDictionary
FNDA:8,addDictionary
FNDA:1,removeDictionary
DA:3,8
DA:5,9
DA:13,1
DA:14,1
DA:15,9
DA:17,9
DA:19,9
DA:20,1
DA:24,9
DA:27,1
DA:30,3
DA:42,10
DA:43,10
DA:44,10
DA:46,10
DA:47,10
DA:48,10
DA:50,10
DA:51,10
DA:55,0
DA:56,0
DA:58,10
DA:59,10
DA:60,0
DA:63,10
DA:64,0
DA:69,0
DA:82,1
DA:83,1
DA:84,1
DA:85,1
DA:87,1
DA:101,1
DA:102,1
DA:103,1
DA:104,1
DA:106,1
DA:120,4
DA:121,4
DA:122,4
DA:123,4
DA:125,4
DA:131,3
DA:132,3
DA:133,3
DA:134,3
DA:136,3
DA:147,8
DA:153,1
DA:154,1
DA:155,1
DA:156,1
DA:157,1
DA:161,1
DA:162,1
DA:167,1
DA:170,1
LF:57
LH:52
BRDA:3,1,0,8
BRDA:3,1,1,8
BRDA:3,2,0,8
BRDA:3,2,1,0
BRDA:3,3,0,1
BRDA:3,3,1,0
BRDA:3,4,0,0
BRDA:3,4,1,1
BRDA:5,5,0,0
BRDA:5,5,1,9
BRDA:19,6,0,1
BRDA:19,6,1,8
BRDA:50,7,0,10
BRDA:50,7,1,0
BRDA:59,8,0,0
BRDA:59,8,1,10
BRDA:59,9,0,10
BRDA:59,9,1,10
BRDA:63,10,0,0
BRDA:63,10,1,10
BRDA:84,11,0,1
BRDA:84,11,1,0
BRDA:103,12,0,1
BRDA:103,12,1,0
BRDA:122,13,0,4
BRDA:122,13,1,0
BRDA:133,14,0,3
BRDA:133,14,1,0
BRDA:156,15,0,1
BRDA:156,15,1,0
BRDA:161,16,0,1
BRDA:161,16,1,0
BRF:32
BRH:19
end_of_record
TN:
SF:/Users/marcofalsitta/Documents/chomage/Wealthport/server/lib/ColorDictionary.js
FN:3,(anonymous_1)
FN:3,defineProperties
FN:3,(anonymous_3)
FN:5,get
FN:7,_classCallCheck
FN:9,_possibleConstructorReturn
FN:11,_inherits
FN:23,(anonymous_8)
FN:26,ColorDictionary
FN:34,addColorAlias
FNF:10
FNH:10
FNDA:1,(anonymous_1)
FNDA:1,defineProperties
FNDA:1,(anonymous_3)
FNDA:48,get
FNDA:16,_classCallCheck
FNDA:16,_possibleConstructorReturn
FNDA:1,_inherits
FNDA:1,(anonymous_8)
FNDA:16,ColorDictionary
FNDA:48,addColorAlias
DA:3,1
DA:5,48
DA:7,16
DA:9,16
DA:11,1
DA:20,1
DA:23,1
DA:24,1
DA:26,1
DA:27,16
DA:29,16
DA:32,1
DA:35,48
DA:39,1
DA:42,1
LF:15
LH:15
BRDA:3,1,0,1
BRDA:3,1,1,1
BRDA:3,2,0,1
BRDA:3,2,1,0
BRDA:3,3,0,1
BRDA:3,3,1,0
BRDA:3,4,0,0
BRDA:3,4,1,1
BRDA:5,5,0,0
BRDA:5,5,1,48
BRDA:5,6,0,0
BRDA:5,6,1,48
BRDA:5,7,0,0
BRDA:5,7,1,0
BRDA:5,8,0,48
BRDA:5,8,1,0
BRDA:5,9,0,0
BRDA:5,9,1,0
BRDA:7,10,0,0
BRDA:7,10,1,16
BRDA:9,11,0,0
BRDA:9,11,1,16
BRDA:9,12,0,0
BRDA:9,12,1,16
BRDA:9,13,0,16
BRDA:9,13,1,0
BRDA:9,13,2,0
BRDA:11,14,0,0
BRDA:11,14,1,1
BRDA:11,15,0,1
BRDA:11,15,1,0
BRDA:11,16,0,1
BRDA:11,16,1,1
BRDA:11,17,0,1
BRDA:11,17,1,0
BRDA:11,18,0,1
BRDA:11,18,1,0
BRDA:29,19,0,16
BRDA:29,19,1,0
BRDA:35,20,0,48
BRDA:35,20,1,0
BRF:41
BRH:20
end_of_record
TN:
SF:/Users/marcofalsitta/Documents/chomage/Wealthport/server/lib/Dictionary.js
FN:3,(anonymous_1)
FN:3,defineProperties
FN:3,(anonymous_3)
FN:5,_classCallCheck
FN:18,(anonymous_5)
FN:24,Dictionary
FN:42,getEntries
FN:47,getEntriesCount
FN:58,getDomains
FN:63,getRanges
FN:67,(anonymous_11)
FN:74,setId
FN:79,getId
FN:91,removeDomainFromRange
FN:111,updateDomain
FN:131,updateRange
FN:140,(anonymous_17)
FN:160,removeRange
FN:164,(anonymous_19)
FN:173,addToDomainRange
FN:192,domainIsPresent
FN:197,getDomain
FN:221,getRangeFromDomain
FN:237,hasRange
FN:277,hasAlias
FNF:25
FNH:23
FNDA:1,(anonymous_1)
FNDA:1,defineProperties
FNDA:1,(anonymous_3)
FNDA:32,_classCallCheck
FNDA:1,(anonymous_5)
FNDA:32,Dictionary
FNDA:38,getEntries
FNDA:20,getEntriesCount
FNDA:286,getDomains
FNDA:87,getRanges
FNDA:202,(anonymous_11)
FNDA:0,setId
FNDA:14,getId
FNDA:20,removeDomainFromRange
FNDA:4,updateDomain
FNDA:3,updateRange
FNDA:8,(anonymous_17)
FNDA:4,removeRange
FNDA:15,(anonymous_19)
FNDA:148,addToDomainRange
FNDA:2,domainIsPresent
FNDA:0,getDomain
FNDA:22,getRangeFromDomain
FNDA:2,hasRange
FNDA:2,hasAlias
DA:3,16
DA:5,32
DA:15,1
DA:18,1
DA:24,1
DA:25,32
DA:31,32
DA:37,32
DA:40,1
DA:43,38
DA:48,20
DA:59,286
DA:64,87
DA:66,87
DA:67,87
DA:68,202
DA:70,87
DA:75,0
DA:80,14
DA:93,20
DA:94,20
DA:95,20
DA:97,0
DA:112,4
DA:113,4
DA:114,4
DA:115,2
DA:116,2
DA:119,2
DA:132,3
DA:134,3
DA:135,3
DA:136,1
DA:139,2
DA:140,2
DA:141,8
DA:143,3
DA:144,3
DA:148,2
DA:161,4
DA:163,4
DA:164,4
DA:165,15
DA:166,6
DA:169,4
DA:174,148
DA:177,148
DA:178,67
DA:179,3
DA:184,145
DA:185,122
DA:186,122
DA:188,23
DA:193,2
DA:199,0
DA:201,0
DA:203,0
DA:204,0
DA:209,0
DA:222,22
DA:223,22
DA:224,3
DA:226,19
DA:238,2
DA:239,2
DA:240,2
DA:242,2
DA:244,2
DA:245,4
DA:247,4
DA:248,1
DA:252,0
DA:253,0
DA:255,2
DA:256,2
DA:257,0
DA:260,2
DA:261,0
DA:266,1
DA:278,2
DA:282,1
DA:285,1
LF:82
LH:71
BRDA:3,1,0,16
BRDA:3,1,1,16
BRDA:3,2,0,16
BRDA:3,2,1,0
BRDA:3,3,0,1
BRDA:3,3,1,0
BRDA:3,4,0,0
BRDA:3,4,1,1
BRDA:5,5,0,0
BRDA:5,5,1,32
BRDA:93,6,0,20
BRDA:93,6,1,0
BRDA:112,7,0,4
BRDA:112,7,1,0
BRDA:114,8,0,2
BRDA:114,8,1,2
BRDA:135,9,0,1
BRDA:135,9,1,2
BRDA:141,10,0,3
BRDA:141,10,1,5
BRDA:165,11,0,6
BRDA:165,11,1,9
BRDA:174,12,0,81
BRDA:174,12,1,67
BRDA:174,13,0,148
BRDA:174,13,1,129
BRDA:177,14,0,67
BRDA:177,14,1,81
BRDA:178,15,0,3
BRDA:178,15,1,64
BRDA:184,16,0,122
BRDA:184,16,1,23
BRDA:201,17,0,0
BRDA:201,17,1,0
BRDA:203,18,0,0
BRDA:203,18,1,0
BRDA:223,19,0,3
BRDA:223,19,1,19
BRDA:247,20,0,1
BRDA:247,20,1,3
BRDA:256,21,0,0
BRDA:256,21,1,2
BRDA:256,22,0,2
BRDA:256,22,1,1
BRDA:260,23,0,0
BRDA:260,23,1,2
BRF:46
BRH:34
end_of_record
TN:
SF:/Users/marcofalsitta/Documents/chomage/Wealthport/server/lib/DictionaryValidator.js
FN:3,(anonymous_1)
FN:3,defineProperties
FN:3,(anonymous_3)
FN:5,_classCallCheck
FN:16,(anonymous_5)
FN:17,DictionaryValidator
FN:31,uniqueValue
FN:43,findChains
FN:45,isPresent
FN:85,_loop
FN:89,(anonymous_11)
FN:125,hasChains
FN:130,hasCycles
FN:135,findCycles
FN:144,(anonymous_15)
FN:163,searchForCycles
FN:181,_buildIndexMap
FN:186,(anonymous_18)
FN:194,(anonymous_19)
FN:202,findIssues
FN:214,fixIssues
FN:227,willInvalidateDictionary
FN:232,willCycle
FN:255,willChain
FN:261,removeCycles
FN:268,_removeCycles
FN:290,removeChains
FN:299,_removeChains
FNF:28
FNH:26
FNDA:1,(anonymous_1)
FNDA:1,defineProperties
FNDA:1,(anonymous_3)
FNDA:0,_classCallCheck
FNDA:1,(anonymous_5)
FNDA:0,DictionaryValidator
FNDA:210,uniqueValue
FNDA:19,findChains
FNDA:55,isPresent
FNDA:87,_loop
FNDA:417,(anonymous_11)
FNDA:3,hasChains
FNDA:2,hasCycles
FNDA:16,findCycles
FNDA:76,(anonymous_15)
FNDA:76,searchForCycles
FNDA:16,_buildIndexMap
FNDA:76,(anonymous_18)
FNDA:152,(anonymous_19)
FNDA:2,findIssues
FNDA:1,fixIssues
FNDA:71,willInvalidateDictionary
FNDA:67,willCycle
FNDA:72,willChain
FNDA:4,removeCycles
FNDA:9,_removeCycles
FNDA:5,removeChains
FNDA:11,_removeChains
DA:3,16
DA:5,1
DA:13,1
DA:16,1
DA:17,1
DA:18,0
DA:21,1
DA:32,210
DA:45,19
DA:46,55
DA:47,55
DA:48,55
DA:50,55
DA:51,55
DA:52,73
DA:54,73
DA:55,14
DA:59,0
DA:60,0
DA:62,55
DA:63,55
DA:64,0
DA:67,55
DA:68,0
DA:73,41
DA:76,19
DA:77,19
DA:78,19
DA:80,19
DA:81,19
DA:82,19
DA:84,19
DA:85,19
DA:86,87
DA:89,87
DA:91,417
DA:92,55
DA:93,55
DA:96,55
DA:97,41
DA:103,19
DA:104,87
DA:107,0
DA:108,0
DA:110,19
DA:111,19
DA:112,0
DA:115,19
DA:116,0
DA:121,19
DA:126,3
DA:131,2
DA:136,16
DA:138,16
DA:139,16
DA:141,16
DA:143,16
DA:144,16
DA:145,76
DA:147,76
DA:150,76
DA:152,76
DA:154,76
DA:155,15
DA:159,16
DA:165,76
DA:166,134
DA:167,134
DA:168,134
DA:169,134
DA:170,15
DA:171,15
DA:172,15
DA:177,61
DA:184,16
DA:185,16
DA:186,16
DA:187,76
DA:190,16
DA:193,16
DA:194,16
DA:195,152
DA:198,16
DA:204,2
DA:205,2
DA:207,2
DA:215,1
DA:216,1
DA:217,1
DA:228,71
DA:234,67
DA:236,1
DA:237,1
DA:238,1
DA:242,66
DA:257,72
DA:262,4
DA:263,4
DA:264,4
DA:269,9
DA:271,9
DA:274,9
DA:275,5
DA:276,5
DA:277,0
DA:279,5
DA:281,5
DA:283,5
DA:285,5
DA:291,5
DA:293,5
DA:294,5
DA:295,5
DA:300,11
DA:302,11
DA:304,11
DA:305,6
DA:306,6
DA:307,0
DA:309,6
DA:311,6
DA:313,6
DA:315,6
DA:320,1
DA:323,1
LF:125
LH:114
BRDA:3,1,0,16
BRDA:3,1,1,16
BRDA:3,2,0,16
BRDA:3,2,1,0
BRDA:3,3,0,0
BRDA:3,3,1,1
BRDA:3,4,0,1
BRDA:3,4,1,0
BRDA:5,5,0,0
BRDA:5,5,1,0
BRDA:54,6,0,14
BRDA:54,6,1,59
BRDA:63,7,0,0
BRDA:63,7,1,55
BRDA:63,8,0,55
BRDA:63,8,1,14
BRDA:67,9,0,0
BRDA:67,9,1,55
BRDA:91,10,0,55
BRDA:91,10,1,362
BRDA:96,11,0,41
BRDA:96,11,1,14
BRDA:111,12,0,0
BRDA:111,12,1,19
BRDA:111,13,0,19
BRDA:111,13,1,0
BRDA:115,14,0,0
BRDA:115,14,1,19
BRDA:154,15,0,15
BRDA:154,15,1,61
BRDA:166,16,0,134
BRDA:166,16,1,0
BRDA:169,17,0,15
BRDA:169,17,1,119
BRDA:228,18,0,71
BRDA:228,18,1,66
BRDA:234,19,0,1
BRDA:234,19,1,66
BRDA:237,20,0,1
BRDA:237,20,1,0
BRDA:257,21,0,72
BRDA:257,21,1,68
BRDA:269,22,0,5
BRDA:269,22,1,4
BRDA:269,23,0,9
BRDA:269,23,1,5
BRDA:274,24,0,5
BRDA:274,24,1,4
BRDA:276,25,0,0
BRDA:276,25,1,5
BRDA:291,26,0,0
BRDA:291,26,1,5
BRDA:291,27,0,5
BRDA:291,27,1,0
BRDA:300,28,0,11
BRDA:300,28,1,0
BRDA:300,29,0,11
BRDA:300,29,1,11
BRDA:304,30,0,6
BRDA:304,30,1,5
BRDA:306,31,0,0
BRDA:306,31,1,6
BRF:62
BRH:45
end_of_record
TN:
SF:/Users/marcofalsitta/Documents/chomage/Wealthport/server/lib/ProductList.js
FN:3,(anonymous_1)
FN:3,(anonymous_2)
FN:5,(anonymous_3)
FN:5,defineProperties
FN:5,(anonymous_5)
FN:7,_classCallCheck
FN:15,(anonymous_7)
FN:16,ProductList
FN:25,getType
FN:30,getProducts
FN:35,addProduct
FNF:11
FNH:10
FNDA:11,(anonymous_1)
FNDA:0,(anonymous_2)
FNDA:1,(anonymous_3)
FNDA:1,defineProperties
FNDA:1,(anonymous_5)
FNDA:7,_classCallCheck
FNDA:1,(anonymous_7)
FNDA:7,ProductList
FNDA:4,getType
FNDA:8,getProducts
FNDA:11,addProduct
DA:3,11
DA:5,3
DA:7,7
DA:15,1
DA:16,1
DA:17,7
DA:19,7
DA:20,7
DA:23,1
DA:26,4
DA:31,8
DA:38,11
DA:39,1
DA:41,10
DA:42,10
DA:47,1
DA:50,1
LF:17
LH:17
BRDA:3,1,0,1
BRDA:3,1,1,0
BRDA:3,2,0,1
BRDA:3,2,1,1
BRDA:3,3,0,0
BRDA:3,3,1,0
BRDA:3,4,0,0
BRDA:3,4,1,0
BRDA:3,4,2,0
BRDA:3,4,3,0
BRDA:5,5,0,3
BRDA:5,5,1,3
BRDA:5,6,0,3
BRDA:5,6,1,0
BRDA:5,7,0,1
BRDA:5,7,1,0
BRDA:5,8,0,0
BRDA:5,8,1,1
BRDA:7,9,0,0
BRDA:7,9,1,7
BRDA:38,10,0,1
BRDA:38,10,1,10
BRDA:38,11,0,11
BRDA:38,11,1,11
BRDA:38,12,0,0
BRDA:38,12,1,11
BRF:26
BRH:14
end_of_record
TN:
SF:/Users/marcofalsitta/Documents/chomage/Wealthport/server/enums/ProductType.js
FNF:0
FNH:0
DA:14,1
DA:19,1
LF:2
LH:2
BRF:0
BRH:0
end_of_record
TN:
SF:/Users/marcofalsitta/Documents/chomage/Wealthport/server/lib/products.js
FN:3,(anonymous_1)
FN:3,(anonymous_2)
FN:5,_possibleConstructorReturn
FN:7,_inherits
FN:9,_classCallCheck
FN:17,CustomizableProduct
FN:23,(anonymous_7)
FN:26,Router
FN:45,(anonymous_9)
FN:68,(anonymous_10)
FN:71,SmartPhone
FN:95,(anonymous_12)
FNF:12
FNH:11
FNDA:9,(anonymous_1)
FNDA:0,(anonymous_2)
FNDA:11,_possibleConstructorReturn
FNDA:2,_inherits
FNDA:22,_classCallCheck
FNDA:11,CustomizableProduct
FNDA:1,(anonymous_7)
FNDA:1,Router
FNDA:7,(anonymous_9)
FNDA:1,(anonymous_10)
FNDA:10,SmartPhone
FNDA:72,(anonymous_12)
DA:3,9
DA:5,11
DA:7,2
DA:9,22
DA:17,1
DA:18,11
DA:20,11
DA:23,1
DA:24,1
DA:26,1
DA:27,1
DA:29,1
DA:33,1
DA:44,1
DA:45,1
DA:46,7
DA:47,7
DA:52,1
DA:53,1
DA:54,1
DA:55,1
DA:56,1
DA:57,1
DA:58,1
DA:61,1
DA:62,1
DA:65,1
DA:68,1
DA:69,1
DA:71,1
DA:72,10
DA:74,10
DA:81,10
DA:94,10
DA:95,8
DA:96,72
DA:97,72
DA:102,10
DA:103,10
DA:104,10
DA:105,10
DA:106,10
DA:107,10
DA:108,10
DA:109,10
DA:110,10
DA:113,10
DA:114,10
DA:116,10
DA:119,1
DA:122,1
LF:51
LH:51
BRDA:3,1,0,1
BRDA:3,1,1,0
BRDA:3,2,0,1
BRDA:3,2,1,1
BRDA:3,3,0,0
BRDA:3,3,1,0
BRDA:3,4,0,0
BRDA:3,4,1,0
BRDA:3,4,2,0
BRDA:3,4,3,0
BRDA:5,5,0,0
BRDA:5,5,1,11
BRDA:5,6,0,0
BRDA:5,6,1,11
BRDA:5,7,0,11
BRDA:5,7,1,0
BRDA:5,7,2,0
BRDA:7,8,0,0
BRDA:7,8,1,2
BRDA:7,9,0,2
BRDA:7,9,1,0
BRDA:7,10,0,2
BRDA:7,10,1,2
BRDA:7,11,0,2
BRDA:7,11,1,0
BRDA:7,12,0,2
BRDA:7,12,1,0
BRDA:9,13,0,0
BRDA:9,13,1,22
BRDA:29,14,0,1
BRDA:29,14,1,0
BRDA:44,15,0,1
BRDA:44,15,1,0
BRDA:44,16,0,1
BRDA:44,16,1,1
BRDA:44,17,0,0
BRDA:44,17,1,1
BRDA:46,18,0,7
BRDA:46,18,1,0
BRDA:74,19,0,10
BRDA:74,19,1,0
BRDA:94,20,0,8
BRDA:94,20,1,2
BRDA:94,21,0,10
BRDA:94,21,1,8
BRDA:94,22,0,2
BRDA:94,22,1,8
BRDA:96,23,0,72
BRDA:96,23,1,0
BRF:49
BRH:27
end_of_record
TN:
SF:/Users/marcofalsitta/Documents/chomage/Wealthport/server/lib/ProductDisplay.js
FN:3,(anonymous_1)
FN:3,(anonymous_2)
FN:5,(anonymous_3)
FN:5,defineProperties
FN:5,(anonymous_5)
FN:7,_classCallCheck
FN:17,(anonymous_7)
FN:18,ProductDisplay
FN:33,addSet
FN:38,getAllProducts
FN:47,addFilter
FN:53,getProductsFromSet
FN:64,(anonymous_13)
FN:91,_loop
FN:95,(anonymous_15)
FN:129,(anonymous_16)
FN:138,applyTransformationToProduct
FN:140,(anonymous_18)
FNF:18
FNH:17
FNDA:5,(anonymous_1)
FNDA:0,(anonymous_2)
FNDA:1,(anonymous_3)
FNDA:1,defineProperties
FNDA:1,(anonymous_5)
FNDA:4,_classCallCheck
FNDA:1,(anonymous_7)
FNDA:4,ProductDisplay
FNDA:4,addSet
FNDA:3,getAllProducts
FNDA:2,addFilter
FNDA:6,getProductsFromSet
FNDA:15,(anonymous_13)
FNDA:9,_loop
FNDA:11,(anonymous_15)
FNDA:4,(anonymous_16)
FNDA:4,applyTransformationToProduct
FNDA:4,(anonymous_18)
DA:3,5
DA:5,5
DA:7,4
DA:15,1
DA:17,1
DA:18,1
DA:19,4
DA:21,4
DA:22,4
DA:31,1
DA:34,4
DA:39,3
DA:40,3
DA:41,4
DA:43,3
DA:49,2
DA:54,6
DA:56,6
DA:63,6
DA:64,5
DA:65,15
DA:66,10
DA:71,6
DA:72,6
DA:74,6
DA:75,4
DA:76,4
DA:79,2
DA:82,6
DA:84,3
DA:86,3
DA:87,3
DA:88,3
DA:90,3
DA:91,3
DA:92,9
DA:94,9
DA:95,9
DA:97,11
DA:98,6
DA:101,9
DA:102,4
DA:106,3
DA:107,9
DA:110,0
DA:111,0
DA:113,3
DA:114,3
DA:115,0
DA:118,3
DA:119,0
DA:124,3
DA:128,6
DA:129,2
DA:130,4
DA:134,6
DA:140,4
DA:142,4
DA:145,4
DA:146,4
DA:147,4
DA:148,4
DA:155,1
DA:158,1
LF:64
LH:60
BRDA:3,1,0,1
BRDA:3,1,1,0
BRDA:3,2,0,1
BRDA:3,2,1,1
BRDA:3,3,0,0
BRDA:3,3,1,0
BRDA:3,4,0,0
BRDA:3,4,1,0
BRDA:3,4,2,0
BRDA:3,4,3,0
BRDA:5,5,0,5
BRDA:5,5,1,5
BRDA:5,6,0,5
BRDA:5,6,1,0
BRDA:5,7,0,1
BRDA:5,7,1,0
BRDA:5,8,0,0
BRDA:5,8,1,1
BRDA:7,9,0,0
BRDA:7,9,1,4
BRDA:63,10,0,5
BRDA:63,10,1,1
BRDA:63,11,0,6
BRDA:63,11,1,5
BRDA:63,12,0,1
BRDA:63,12,1,5
BRDA:65,13,0,10
BRDA:65,13,1,5
BRDA:74,14,0,4
BRDA:74,14,1,2
BRDA:82,15,0,3
BRDA:82,15,1,3
BRDA:97,16,0,6
BRDA:97,16,1,5
BRDA:101,17,0,4
BRDA:101,17,1,5
BRDA:114,18,0,0
BRDA:114,18,1,3
BRDA:114,19,0,3
BRDA:114,19,1,0
BRDA:118,20,0,0
BRDA:118,20,1,3
BRDA:128,21,0,2
BRDA:128,21,1,4
BRDA:142,22,0,4
BRDA:142,22,1,0
BRDA:147,23,0,4
BRDA:147,23,1,0
BRF:48
BRH:32
end_of_record
